{"level":"error","message":"GET en /api/logger - 7/11/2023 01:06:18"}
{"level":"error","message":"GET en /favicon.ico - 7/11/2023 01:06:18"}
{"level":"error","message":"GET en /thumbnail - 26/11/2023 22:43:34"}
{"level":"error","message":"GET en /thumbnail - 26/11/2023 22:43:43"}
{"level":"error","message":"GET en /api/users - 28/11/2023 22:54:16"}
{"level":"error","message":"GET en /api/users - 28/11/2023 22:54:19"}
{"level":"error","message":"POST en /session/register - 30/11/2023 16:42:01"}
{"level":"error","message":"POST en /session/register - 30/11/2023 16:45:11"}
{"level":"error","message":"POST en /session/register - 30/11/2023 16:46:49"}
{"level":"error","message":"POST en /session/register - 30/11/2023 16:48:24"}
{"level":"error","message":"POST en /session/register - 30/11/2023 16:49:07"}
{"level":"error","message":"POST en /session/register - 30/11/2023 16:50:35"}
{"level":"error","message":"POST en /session/register - 30/11/2023 16:51:56"}
{"level":"error","message":"POST en /session/register - 30/11/2023 16:55:08"}
{"level":"error","message":"POST en /session/register - 30/11/2023 17:04:54"}
{"level":"error","message":"POST en /session/register - 30/11/2023 17:11:51"}
{"level":"error","message":"POST en /session/register - 30/11/2023 17:16:11"}
{"level":"error","message":"POST en /session/register - 30/11/2023 17:18:53"}
{"level":"error","message":"POST en /session/register - 30/11/2023 17:24:57"}
{"level":"error","message":"POST en /session/register - undefined - 30/11/2023 17:25:28"}
{"level":"error","message":"POST en /session/register - [object Object] - 30/11/2023 17:27:22"}
{"level":"error","message":"POST en /session/register - (...args) => defaultLogger[method](...args) - 30/11/2023 18:31:11"}
{"level":"error","message":"POST en /session/register - (...args) => defaultLogger[method](...args) - 30/11/2023 18:56:18"}
{"level":"error","message":"POST en /session/register - (...args) => defaultLogger[method](...args) - 30/11/2023 18:57:11"}
